Using pre-set license
Built from '2020.3/release' branch; Version is '2020.3.1f1 (77a89f25062f) revision 7841951'; Using compiler version '192528614'; Build Type 'Release'
OS: 'Windows 10 Home Single Language; OS build 19042.1415; Version 2009; 64bit' Language: 'ru' Physical Memory: 32622 MB
BatchMode: 1, IsHumanControllingUs: 0, StartBugReporterOnCrash: 0, Is64bit: 1, IsPro: 0

 COMMAND LINE ARGUMENTS:
D:\Unity\2020.3.1f1\Editor\Unity.exe
-adb2
-batchMode
-noUpm
-name
AssetImportWorker0
-projectPath
D:/4 курс/1 семестр/Операционные Системы/OS_Curs_Project_Network_Game
-logFile
Logs/AssetImportWorker0.log
-srvPort
54184
Successfully changed project path to: D:/4 курс/1 семестр/Операционные Системы/OS_Curs_Project_Network_Game
D:/4 курс/1 семестр/Операционные Системы/OS_Curs_Project_Network_Game
Using Asset Import Pipeline V2.
Refreshing native plugins compatible for Editor in 49.92 ms, found 1 plugins.
Preloading 0 native plugins for Editor in 0.00 ms.
Initialize engine version: 2020.3.1f1 (77a89f25062f)
[Subsystems] Discovering subsystems at path D:/Unity/2020.3.1f1/Editor/Data/Resources/UnitySubsystems
[Subsystems] Discovering subsystems at path D:/4 курс/1 семестр/Операционные Системы/OS_Curs_Project_Network_Game/Assets
GfxDevice: creating device client; threaded=0
Direct3D:
    Version:  Direct3D 11.0 [level 11.1]
    Renderer: NVIDIA GeForce GTX 1060 (ID=0x1c20)
    Vendor:   
    VRAM:     2987 MB
    Driver:   30.0.14.9709
Initialize mono
Mono path[0] = 'D:/Unity/2020.3.1f1/Editor/Data/Managed'
Mono path[1] = 'D:/Unity/2020.3.1f1/Editor/Data/MonoBleedingEdge/lib/mono/unityjit'
Mono config path = 'D:/Unity/2020.3.1f1/Editor/Data/MonoBleedingEdge/etc'
Using monoOptions --debugger-agent=transport=dt_socket,embedding=1,server=y,suspend=n,address=127.0.0.1:56088
Begin MonoManager ReloadAssembly
Registering precompiled unity dll's ...
Register platform support module: D:/Unity/2020.3.1f1/Editor/Data/PlaybackEngines/WebGLSupport/UnityEditor.WebGL.Extensions.dll
Register platform support module: D:/Unity/2020.3.1f1/Editor/Data/PlaybackEngines/WindowsStandaloneSupport/UnityEditor.WindowsStandalone.Extensions.dll
Registered in 0.001996 seconds.
Native extension for WindowsStandalone target not found
Native extension for WebGL target not found
Refreshing native plugins compatible for Editor in 42.93 ms, found 1 plugins.
Preloading 0 native plugins for Editor in 0.00 ms.
Invoked RoslynAnalysisRunner static constructor.
RoslynAnalysisRunner will not be running.
RoslynAnalysisRunner has terminated.
Mono: successfully reloaded assembly
- Completed reload, in  1.590 seconds
Platform modules already initialized, skipping
Registering precompiled user dll's ...
Registered in 0.005603 seconds.
Begin MonoManager ReloadAssembly
Native extension for WindowsStandalone target not found
Native extension for WebGL target not found
Refreshing native plugins compatible for Editor in 47.77 ms, found 1 plugins.
Preloading 0 native plugins for Editor in 0.00 ms.
Invoked RoslynAnalysisRunner static constructor.
RoslynAnalysisRunner will not be running.
RoslynAnalysisRunner has terminated.
Mono: successfully reloaded assembly
- Completed reload, in  1.649 seconds
Platform modules already initialized, skipping
========================================================================
Worker process is ready to serve import requests
Launched and connected shader compiler UnityShaderCompiler.exe after 0.07 seconds
Refreshing native plugins compatible for Editor in 0.54 ms, found 1 plugins.
Preloading 0 native plugins for Editor in 0.00 ms.
Unloading 2516 Unused Serialized files (Serialized files now loaded: 0)
System memory in use before: 115.1 MB.
System memory in use after: 115.1 MB.

Unloading 36 unused Assets to reduce memory usage. Loaded Objects now: 2949.
Total: 3.053600 ms (FindLiveObjects: 0.264700 ms CreateObjectMapping: 0.105100 ms MarkObjects: 2.562300 ms  DeleteObjects: 0.120800 ms)

========================================================================
Received Import Request.
  path: Assets/Prefabs/Ball.prefab
  artifactKey: Guid(aae64484991d78b4ab037c252031ffdd) Importer(815301076,1909f56bfc062723c751e8b465ee728b)
Start importing Assets/Prefabs/Ball.prefab using Guid(aae64484991d78b4ab037c252031ffdd) Importer(815301076,1909f56bfc062723c751e8b465ee728b)  -> (artifact id: '5aaff7f4354136eca0bfb4b62746db1d') in 0.188843 seconds
  Import took 0.193008 seconds .

========================================================================
Received Prepare
Registering precompiled user dll's ...
Registered in 0.007037 seconds.
Begin MonoManager ReloadAssembly
Native extension for WindowsStandalone target not found
Native extension for WebGL target not found
Refreshing native plugins compatible for Editor in 0.48 ms, found 1 plugins.
Preloading 0 native plugins for Editor in 0.00 ms.
Invoked RoslynAnalysisRunner static constructor.
RoslynAnalysisRunner will not be running.
RoslynAnalysisRunner has terminated.
Mono: successfully reloaded assembly
- Completed reload, in  1.329 seconds
Platform modules already initialized, skipping
Refreshing native plugins compatible for Editor in 0.50 ms, found 1 plugins.
Preloading 0 native plugins for Editor in 0.00 ms.
Unloading 2497 Unused Serialized files (Serialized files now loaded: 0)
System memory in use before: 116.9 MB.
System memory in use after: 117.0 MB.

Unloading 24 unused Assets to reduce memory usage. Loaded Objects now: 2960.
Total: 3.024800 ms (FindLiveObjects: 0.235700 ms CreateObjectMapping: 0.099100 ms MarkObjects: 2.542400 ms  DeleteObjects: 0.146200 ms)

========================================================================
Received Import Request.
  Time since last request: 922.727014 seconds.
  path: Assets/Scripts/GameManager.cs
  artifactKey: Guid(4e44c15a37b08dd40b76e40ab85461a5) Importer(815301076,1909f56bfc062723c751e8b465ee728b)
Start importing Assets/Scripts/GameManager.cs using Guid(4e44c15a37b08dd40b76e40ab85461a5) Importer(815301076,1909f56bfc062723c751e8b465ee728b)  -> (artifact id: '6275b02ab03bbcdad23744e89af7fc11') in 0.013617 seconds
  Import took 0.019238 seconds .

========================================================================
Received Import Request.
  Time since last request: 0.206961 seconds.
  path: Assets/Scripts/GameManager.cs
  artifactKey: Guid(4e44c15a37b08dd40b76e40ab85461a5) Importer(815301076,1909f56bfc062723c751e8b465ee728b)
Start importing Assets/Scripts/GameManager.cs using Guid(4e44c15a37b08dd40b76e40ab85461a5) Importer(815301076,1909f56bfc062723c751e8b465ee728b)  -> (artifact id: '6275b02ab03bbcdad23744e89af7fc11') in 0.001846 seconds
  Import took 0.006555 seconds .

========================================================================
Received Import Request.
  Time since last request: 303.000770 seconds.
  path: Assets/Scripts/NetworkBall.cs
  artifactKey: Guid(5b41fedb19b7f5e4faf48ff109562a92) Importer(815301076,1909f56bfc062723c751e8b465ee728b)
Start importing Assets/Scripts/NetworkBall.cs using Guid(5b41fedb19b7f5e4faf48ff109562a92) Importer(815301076,1909f56bfc062723c751e8b465ee728b)  -> (artifact id: '7562963622900d3e89ee772c04013faf') in 0.002491 seconds
  Import took 0.008226 seconds .

========================================================================
Received Import Request.
  Time since last request: 0.000917 seconds.
  path: Assets/Scripts/NetworkBall.cs
  artifactKey: Guid(5b41fedb19b7f5e4faf48ff109562a92) Importer(815301076,1909f56bfc062723c751e8b465ee728b)
Start importing Assets/Scripts/NetworkBall.cs using Guid(5b41fedb19b7f5e4faf48ff109562a92) Importer(815301076,1909f56bfc062723c751e8b465ee728b)  -> (artifact id: '7562963622900d3e89ee772c04013faf') in 0.002386 seconds
  Import took 0.007618 seconds .

========================================================================
Received Import Request.
  Time since last request: 6.166769 seconds.
  path: Assets/Scripts/NetworkPlayer.cs
  artifactKey: Guid(a5764fc671b121d438831466368ddde3) Importer(815301076,1909f56bfc062723c751e8b465ee728b)
Start importing Assets/Scripts/NetworkPlayer.cs using Guid(a5764fc671b121d438831466368ddde3) Importer(815301076,1909f56bfc062723c751e8b465ee728b)  -> (artifact id: 'd6d192733aecaf703ba01a2471799ad0') in 0.002639 seconds
  Import took 0.008295 seconds .

========================================================================
Received Import Request.
  Time since last request: 4.822865 seconds.
  path: Assets/Scripts/NetworkScriptManager.cs
  artifactKey: Guid(dfa2880771c04ba469995a720072081e) Importer(815301076,1909f56bfc062723c751e8b465ee728b)
Start importing Assets/Scripts/NetworkScriptManager.cs using Guid(dfa2880771c04ba469995a720072081e) Importer(815301076,1909f56bfc062723c751e8b465ee728b)  -> (artifact id: '96819a10766dbb7687e16a6e0f65dabd') in 0.002859 seconds
  Import took 0.010079 seconds .

AssetImportWorkerClient::OnTransportError - code=2 error=End of file
